<?xml version="1.0" encoding="UTF-8"?>
<!-- Generated by org.testng.reporters.JUnitReportReporter -->
<testsuite hostname="DESKTOP-JQLCBTF" failures="0" tests="2" name="com.GeneralStore.TestScripts.CrossBrowserTest" time="141.850" errors="0" timestamp="2023-09-25T16:20:33 IST" skipped="0">
  <testcase classname="com.GeneralStore.TestScripts.CrossBrowserTest" name="crossBrowser" time="40.600"/>
  <system-out/>
  <testcase classname="com.GeneralStore.TestScripts.CrossBrowserTest" name="crossBrowser" time="101.250"/>
  <system-out/>
</testsuite> <!-- com.GeneralStore.TestScripts.CrossBrowserTest -->
