<?xml version="1.0" encoding="UTF-8"?>
<!-- Generated by org.testng.reporters.JUnitReportReporter -->
<testsuite hostname="DESKTOP-JQLCBTF" failures="0" tests="1" name="practice.OpenServer" time="41.237" errors="0" timestamp="2023-09-21T23:07:15 IST" skipped="0">
  <testcase classname="practice.OpenServer" name="openServer" time="41.237"/>
  <system-out/>
</testsuite> <!-- practice.OpenServer -->
