<?xml version="1.0" encoding="UTF-8"?>
<!-- Generated by org.testng.reporters.JUnitReportReporter -->
<testsuite hostname="DESKTOP-JQLCBTF" failures="0" tests="1" name="com.GeneralStore.TestScripts.Product_AddToCartTest" time="31.414" errors="0" timestamp="2023-09-27T15:30:25 IST" skipped="0">
  <testcase classname="com.GeneralStore.TestScripts.Product_AddToCartTest" name="addToCart" time="31.414"/>
  <system-out/>
</testsuite> <!-- com.GeneralStore.TestScripts.Product_AddToCartTest -->
