<?xml version="1.0" encoding="UTF-8"?>
<!-- Generated by org.testng.reporters.JUnitReportReporter -->
<testsuite hostname="DESKTOP-JQLCBTF" failures="0" tests="1" name="browserStack.MobileBrowserTesting" time="19.595" errors="0" timestamp="2023-09-28T12:41:12 IST" skipped="0">
  <testcase classname="browserStack.MobileBrowserTesting" name="MobileBrowser" time="19.595"/>
  <system-out/>
</testsuite> <!-- browserStack.MobileBrowserTesting -->
