<?xml version="1.0" encoding="UTF-8"?>
<!-- Generated by org.testng.reporters.JUnitReportReporter -->
<testsuite hostname="DESKTOP-JQLCBTF" failures="0" tests="1" name="unlock_Phone.MobileBrowserTest" time="17.604" errors="0" timestamp="2023-09-25T12:11:12 IST" skipped="0">
  <testcase classname="unlock_Phone.MobileBrowserTest" name="mobileBrowser" time="17.604"/>
  <system-out/>
</testsuite> <!-- unlock_Phone.MobileBrowserTest -->
