<?xml version="1.0" encoding="UTF-8"?>
<!-- Generated by org.testng.reporters.JUnitReportReporter -->
<testsuite hostname="DESKTOP-JQLCBTF" failures="0" tests="1" name="unlock_Phone.DriverMethodTest" time="20.517" errors="0" timestamp="2023-09-25T11:59:22 IST" skipped="0">
  <testcase classname="unlock_Phone.DriverMethodTest" name="driverMethods" time="20.517"/>
  <system-out/>
</testsuite> <!-- unlock_Phone.DriverMethodTest -->
