<?xml version="1.0" encoding="UTF-8"?>
<!-- Generated by org.testng.reporters.JUnitReportReporter -->
<testsuite hostname="DESKTOP-JQLCBTF" failures="0" tests="1" name="browserStack.WebBrowserTesting" time="18.184" errors="0" timestamp="2023-09-28T12:23:56 IST" skipped="0">
  <testcase classname="browserStack.WebBrowserTesting" name="webBrowserTesting" time="18.184"/>
  <system-out/>
</testsuite> <!-- browserStack.WebBrowserTesting -->
