<?xml version="1.0" encoding="UTF-8"?>
<!-- Generated by org.testng.reporters.JUnitReportReporter -->
<testsuite hostname="DESKTOP-JQLCBTF" failures="0" tests="1" name="unlock_Phone.Unlock_Pattern" time="50.914" errors="0" timestamp="2023-09-25T10:12:19 IST" skipped="0">
  <testcase classname="unlock_Phone.Unlock_Pattern" name="patternUnlock" time="50.914"/>
  <system-out/>
</testsuite> <!-- unlock_Phone.Unlock_Pattern -->
