<?xml version="1.0" encoding="UTF-8"?>
<!-- Generated by org.testng.reporters.JUnitReportReporter -->
<testsuite hostname="DESKTOP-JQLCBTF" failures="0" tests="1" name="gestures.CaptureToastTest" time="70.721" errors="0" timestamp="2023-09-27T15:04:47 IST" skipped="0">
  <testcase classname="gestures.CaptureToastTest" name="captureToast" time="70.721"/>
  <system-out/>
</testsuite> <!-- gestures.CaptureToastTest -->
