<?xml version="1.0" encoding="UTF-8"?>
<!-- Generated by org.testng.reporters.JUnitReportReporter -->
<testsuite hostname="DESKTOP-JQLCBTF" failures="0" tests="1" name="browserStack.MobileAppTesting" time="38.206" errors="0" timestamp="2023-09-28T12:56:10 IST" skipped="0">
  <testcase classname="browserStack.MobileAppTesting" name="mobileAppTesting" time="38.206"/>
  <system-out/>
</testsuite> <!-- browserStack.MobileAppTesting -->
