<?xml version="1.0" encoding="UTF-8"?>
<!-- Generated by org.testng.reporters.JUnitReportReporter -->
<testsuite hostname="DESKTOP-JQLCBTF" failures="0" tests="1" name="gestures.LongPressTest" time="47.728" errors="0" timestamp="2023-09-22T17:59:40 IST" skipped="0">
  <testcase classname="gestures.LongPressTest" name="longPressOnPeopleView" time="47.728"/>
  <system-out/>
</testsuite> <!-- gestures.LongPressTest -->
