<?xml version="1.0" encoding="UTF-8"?>
<!-- Generated by org.testng.reporters.JUnitReportReporter -->
<testsuite hostname="DESKTOP-JQLCBTF" failures="0" tests="1" name="gestures.Pinch_OpenAndClose" time="47.249" errors="0" timestamp="2023-09-22T18:23:57 IST" skipped="0">
  <testcase classname="gestures.Pinch_OpenAndClose" name="zoomOutAndIn" time="47.249"/>
  <system-out/>
</testsuite> <!-- gestures.Pinch_OpenAndClose -->
