<?xml version="1.0" encoding="UTF-8"?>
<!-- Generated by org.testng.reporters.JUnitReportReporter -->
<testsuite hostname="DESKTOP-JQLCBTF" failures="0" tests="1" name="gestures.SwipeGesture" time="93.014" errors="0" timestamp="2023-09-22T17:45:49 IST" skipped="0">
  <testcase classname="gestures.SwipeGesture" name="swipe" time="93.014"/>
  <system-out/>
</testsuite> <!-- gestures.SwipeGesture -->
